<?xml version="1.0" encoding="UTF-8" standalone="no"?>
<!DOCTYPE report PUBLIC "-//JACOCO//DTD Report 1.1//EN" "report.dtd"[]>
<report name="Pester (04/06/2022 14:45:28)">
  <sessioninfo id="this" start="1649256326653" dump="1649256328684" />
  <package name="foo">
    <class name="foo/foo" sourcefilename="foo.psm1">
      <method name="Remove-Image" desc="()" line="18">
        <counter type="INSTRUCTION" missed="0" covered="6" />
        <counter type="LINE" missed="0" covered="6" />
        <counter type="METHOD" missed="0" covered="1" />
      </method>
      <method name="Write-Message" desc="()" line="48">
        <counter type="INSTRUCTION" missed="0" covered="4" />
        <counter type="LINE" missed="0" covered="4" />
        <counter type="METHOD" missed="0" covered="1" />
      </method>
      <counter type="INSTRUCTION" missed="0" covered="10" />
      <counter type="LINE" missed="0" covered="10" />
      <counter type="METHOD" missed="0" covered="2" />
      <counter type="CLASS" missed="0" covered="1" />
    </class>
    <sourcefile name="foo.psm1">
      <line nr="18" mi="0" ci="1" mb="0" cb="0" />
      <line nr="21" mi="0" ci="1" mb="0" cb="0" />
      <line nr="25" mi="0" ci="1" mb="0" cb="0" />
      <line nr="27" mi="0" ci="1" mb="0" cb="0" />
      <line nr="29" mi="0" ci="1" mb="0" cb="0" />
      <line nr="30" mi="0" ci="1" mb="0" cb="0" />
      <line nr="48" mi="0" ci="1" mb="0" cb="0" />
      <line nr="51" mi="0" ci="1" mb="0" cb="0" />
      <line nr="55" mi="0" ci="1" mb="0" cb="0" />
      <line nr="59" mi="0" ci="1" mb="0" cb="0" />
      <counter type="INSTRUCTION" missed="0" covered="10" />
      <counter type="LINE" missed="0" covered="10" />
      <counter type="METHOD" missed="0" covered="2" />
      <counter type="CLASS" missed="0" covered="1" />
    </sourcefile>
    <counter type="INSTRUCTION" missed="0" covered="10" />
    <counter type="LINE" missed="0" covered="10" />
    <counter type="METHOD" missed="0" covered="2" />
    <counter type="CLASS" missed="0" covered="1" />
  </package>
  <counter type="INSTRUCTION" missed="0" covered="10" />
  <counter type="LINE" missed="0" covered="10" />
  <counter type="METHOD" missed="0" covered="2" />
  <counter type="CLASS" missed="0" covered="1" />
</report>
